#
# A fatal error has been detected by the Java Runtime Environment:
#
#  EXCEPTION_ACCESS_VIOLATION (0xc0000005) at pc=0x000000006410fed7, pid=15512, tid=0x000000000000393c
#
# JRE version: OpenJDK Runtime Environment (8.0_242-b01) (build 1.8.0_242-release-1644-b01)
# Java VM: OpenJDK 64-Bit Server VM (25.242-b01 mixed mode windows-amd64 compressed oops)
# Problematic frame:
# V  [jvm.dll+0x1efed7]
#
# Failed to write core dump. Minidumps are not enabled by default on client versions of Windows
#
# If you would like to submit a bug report, please visit:
#   
#

---------------  T H R E A D  ---------------

Current thread (0x0000000020941800):  JavaThread "pool-30-thread-1" [_thread_in_vm, id=14652, stack(0x0000000035690000,0x0000000035790000)]

siginfo: ExceptionCode=0xc0000005, writing address 0x000000003578a310

Registers:
RAX=0x000000003578a310, RBX=0x0000000000000006, RCX=0x0000000000005000, RDX=0x0000000000000006
RSP=0x000000003578f310, RBP=0x0000000000000000, RSI=0x000000003578f310, RDI=0x0000000000000006
R8 =0x0000000000000006, R9 =0x00000000278139a0, R10=0x0000000016fce968, R11=0x000000003569a148
R12=0x00000000ffffffff, R13=0x0000000020941800, R14=0x0000000020941800, R15=0x0000000016fce968
RIP=0x000000006410fed7, EFLAGS=0x0000000000010202

Top of Stack: (sp=0x000000003578f310)
0x000000003578f310:   00007ffa241e2e4d 0000000100006948
0x000000003578f320:   0000000020941800 00000000ffffffff
0x000000003578f330:   000000003578f3d8 0000000064110eb7
0x000000003578f340:   000000003578f440 00000000278139a0
0x000000003578f350:   0000000016fce968 0000000063fbbe73
0x000000003578f360:   000000003578f3a0 0000000020941800
0x000000003578f370:   000000003578f430 0000000020941800
0x000000003578f380:   0000000016fce968 0000000020941800
0x000000003578f390:   0000000002966d60 0000000020941800
0x000000003578f3a0:   0000000016fce968 0000000020941800
0x000000003578f3b0:   0000000016fce968 0000000020941800
0x000000003578f3c0:   0000000000000001 0000000016fce968
0x000000003578f3d0:   0000000020941800 000000002025e6f0
0x000000003578f3e0:   0000000020941800 0000000063fbd5dd
0x000000003578f3f0:   000000003578f6f8 0000000100006948
0x000000003578f400:   0000000100006948 0000000000000000 

Instructions: (pc=0x000000006410fed7)
0x000000006410feb7:   48 89 6c 24 30 33 ed 66 90 e8 4b d9 07 00 ff c3
0x000000006410fec7:   48 63 c8 48 8b c6 48 0f af cf 48 ff c7 48 2b c1
0x000000006410fed7:   89 28 48 63 c3 48 3b 05 65 b8 57 00 7e db 48 8b
0x000000006410fee7:   6c 24 30 48 8b 5c 24 38 48 8b 74 24 40 48 83 c4 


Register to memory mapping:

RAX=0x000000003578a310 is pointing into the stack for thread: 0x0000000020941800
RBX=0x0000000000000006 is an unknown value
RCX=0x0000000000005000 is an unknown value
RDX=0x0000000000000006 is an unknown value
RSP=0x000000003578f310 is pointing into the stack for thread: 0x0000000020941800
RBP=0x0000000000000000 is an unknown value
RSI=0x000000003578f310 is pointing into the stack for thread: 0x0000000020941800
RDI=0x0000000000000006 is an unknown value
R8 =0x0000000000000006 is an unknown value
R9 =0x00000000278139a0 is an unknown value
R10={method} {0x0000000016fce970} 'run' '()V' in 'java/lang/Thread'
R11=0x000000003569a148 is pointing into the stack for thread: 0x0000000020941800
R12=0x00000000ffffffff is an unallocated location in the heap
R13=0x0000000020941800 is a thread
R14=0x0000000020941800 is a thread
R15={method} {0x0000000016fce970} 'run' '()V' in 'java/lang/Thread'


Stack: [0x0000000035690000,0x0000000035790000],  sp=0x000000003578f310,  free space=1020k
Native frames: (J=compiled Java code, j=interpreted, Vv=VM code, C=native code)


---------------  P R O C E S S  ---------------

Java Threads: ( => current thread )
=>0x0000000020941800 JavaThread "pool-30-thread-1" [_thread_in_vm, id=14652, stack(0x0000000035690000,0x0000000035790000)]
  0x0000000020948000 JavaThread "Cache worker for Build Output Cleanup Cache (C:\Users\Marlon\AndroidStudioProjects\CualSera\.gradle\buildOutputCleanup)" [_thread_blocked, id=9028, stack(0x0000000035590000,0x0000000035690000)]
  0x0000000020940800 JavaThread "jar transforms Thread 1380" [_thread_blocked, id=7808, stack(0x0000000035490000,0x0000000035590000)]
  0x0000000020947800 JavaThread "jar transforms Thread 1379" [_thread_blocked, id=17380, stack(0x0000000035390000,0x0000000035490000)]
  0x0000000020944800 JavaThread "jar transforms Thread 1378" [_thread_blocked, id=1856, stack(0x0000000035290000,0x0000000035390000)]
  0x0000000020946000 JavaThread "jar transforms Thread 1377" [_thread_blocked, id=6844, stack(0x0000000035190000,0x0000000035290000)]
  0x0000000020943800 JavaThread "jar transforms Thread 1376" [_thread_blocked, id=15388, stack(0x0000000035090000,0x0000000035190000)]
  0x0000000020942000 JavaThread "jar transforms Thread 1375" [_thread_blocked, id=12948, stack(0x0000000034f90000,0x0000000035090000)]
  0x0000000020939000 JavaThread "jar transforms Thread 1374" [_thread_blocked, id=12760, stack(0x0000000034e90000,0x0000000034f90000)]
  0x0000000020940000 JavaThread "jar transforms Thread 1373" [_thread_blocked, id=14080, stack(0x0000000034d90000,0x0000000034e90000)]
  0x000000002093f000 JavaThread "jar transforms Thread 1372" [_thread_blocked, id=14404, stack(0x0000000034c90000,0x0000000034d90000)]
  0x000000002093e800 JavaThread "jar transforms Thread 1371" [_thread_blocked, id=14020, stack(0x0000000034b90000,0x0000000034c90000)]
  0x000000002093d800 JavaThread "jar transforms Thread 1370" [_thread_blocked, id=12420, stack(0x0000000034a90000,0x0000000034b90000)]
  0x000000002093b800 JavaThread "jar transforms Thread 1369" [_thread_blocked, id=16728, stack(0x0000000034990000,0x0000000034a90000)]
  0x000000002093a000 JavaThread "jar transforms Thread 1368" [_thread_blocked, id=13856, stack(0x0000000034890000,0x0000000034990000)]
  0x000000001e1bb000 JavaThread "jar transforms Thread 1367" [_thread_blocked, id=16516, stack(0x0000000034790000,0x0000000034890000)]
  0x000000001e1b8000 JavaThread "jar transforms Thread 1366" [_thread_blocked, id=16592, stack(0x0000000034690000,0x0000000034790000)]
  0x000000001e1b7000 JavaThread "jar transforms Thread 1365" [_thread_blocked, id=6020, stack(0x0000000034590000,0x0000000034690000)]
  0x000000001e1bc800 JavaThread "jar transforms Thread 1364" [_thread_blocked, id=2640, stack(0x0000000034490000,0x0000000034590000)]
  0x000000001e1ba000 JavaThread "jar transforms Thread 1363" [_thread_blocked, id=13164, stack(0x0000000034390000,0x0000000034490000)]
  0x000000001e1bd000 JavaThread "jar transforms Thread 1362" [_thread_blocked, id=5436, stack(0x0000000034290000,0x0000000034390000)]
  0x000000001e1b9800 JavaThread "jar transforms Thread 1361" [_thread_blocked, id=17244, stack(0x0000000034190000,0x0000000034290000)]
  0x000000001e1bb800 JavaThread "jar transforms Thread 1360" [_thread_blocked, id=8416, stack(0x0000000034090000,0x0000000034190000)]
  0x000000001e1b8800 JavaThread "jar transforms Thread 1359" [_thread_blocked, id=6120, stack(0x0000000033f90000,0x0000000034090000)]
  0x000000001e1ae000 JavaThread "jar transforms Thread 1358" [_thread_blocked, id=11392, stack(0x0000000033e90000,0x0000000033f90000)]
  0x000000001e1b2000 JavaThread "jar transforms Thread 1357" [_thread_blocked, id=16204, stack(0x0000000033d90000,0x0000000033e90000)]
  0x000000001e1af800 JavaThread "jar transforms Thread 1356" [_thread_blocked, id=1516, stack(0x0000000033c90000,0x0000000033d90000)]
  0x000000001e1b1000 JavaThread "jar transforms Thread 1355" [_thread_blocked, id=16172, stack(0x0000000033b90000,0x0000000033c90000)]
  0x000000001e1b4000 JavaThread "jar transforms Thread 1354" [_thread_blocked, id=14180, stack(0x0000000033a90000,0x0000000033b90000)]
  0x000000001e1af000 JavaThread "jar transforms Thread 1353" [_thread_blocked, id=16044, stack(0x0000000033990000,0x0000000033a90000)]
  0x00000000233dc800 JavaThread "jar transforms Thread 1352" [_thread_blocked, id=14916, stack(0x0000000033890000,0x0000000033990000)]
  0x00000000233dc000 JavaThread "jar transforms Thread 1351" [_thread_blocked, id=14500, stack(0x0000000033790000,0x0000000033890000)]
  0x00000000233db000 JavaThread "jar transforms Thread 1350" [_thread_blocked, id=9160, stack(0x0000000033690000,0x0000000033790000)]
  0x00000000233da800 JavaThread "jar transforms Thread 1349" [_thread_blocked, id=1044, stack(0x0000000033590000,0x0000000033690000)]
  0x00000000233de800 JavaThread "jar transforms Thread 1348" [_thread_blocked, id=17228, stack(0x0000000033490000,0x0000000033590000)]
  0x00000000233d8000 JavaThread "jar transforms Thread 1347" [_thread_blocked, id=10340, stack(0x0000000033390000,0x0000000033490000)]
  0x00000000233dd800 JavaThread "jar transforms Thread 1346" [_thread_blocked, id=16904, stack(0x0000000033290000,0x0000000033390000)]
  0x00000000233d0800 JavaThread "jar transforms Thread 1345" [_thread_blocked, id=17112, stack(0x0000000033190000,0x0000000033290000)]
  0x00000000233d0000 JavaThread "jar transforms Thread 1344" [_thread_blocked, id=12872, stack(0x0000000033090000,0x0000000033190000)]
  0x00000000233d6000 JavaThread "jar transforms Thread 1343" [_thread_blocked, id=7940, stack(0x0000000032f90000,0x0000000033090000)]
  0x00000000233d5000 JavaThread "jar transforms Thread 1342" [_thread_blocked, id=15700, stack(0x0000000032e90000,0x0000000032f90000)]
  0x00000000233d4800 JavaThread "jar transforms Thread 1341" [_thread_blocked, id=12612, stack(0x0000000032d90000,0x0000000032e90000)]
  0x00000000233d6800 JavaThread "jar transforms Thread 1340" [_thread_blocked, id=15392, stack(0x0000000032c90000,0x0000000032d90000)]
  0x00000000233d2000 JavaThread "jar transforms Thread 1339" [_thread_blocked, id=7392, stack(0x0000000032b90000,0x0000000032c90000)]
  0x00000000233d3800 JavaThread "jar transforms Thread 1338" [_thread_blocked, id=14704, stack(0x0000000032a90000,0x0000000032b90000)]
  0x00000000233d1800 JavaThread "jar transforms Thread 1337" [_thread_blocked, id=14940, stack(0x0000000032990000,0x0000000032a90000)]
  0x000000002a07b800 JavaThread "jar transforms Thread 1336" [_thread_blocked, id=12088, stack(0x0000000032890000,0x0000000032990000)]
  0x000000002a07a800 JavaThread "jar transforms Thread 1335" [_thread_blocked, id=1552, stack(0x0000000032790000,0x0000000032890000)]
  0x000000002a07a000 JavaThread "jar transforms Thread 1334" [_thread_blocked, id=2160, stack(0x0000000032690000,0x0000000032790000)]
  0x000000002a080000 JavaThread "jar transforms Thread 1333" [_thread_blocked, id=16424, stack(0x0000000032590000,0x0000000032690000)]
  0x000000002a07f000 JavaThread "jar transforms Thread 1332" [_thread_blocked, id=16212, stack(0x000000002e9f0000,0x000000002eaf0000)]
  0x000000002a07e800 JavaThread "jar transforms Thread 1331" [_thread_blocked, id=16556, stack(0x000000002e8f0000,0x000000002e9f0000)]
  0x000000002a074800 JavaThread "jar transforms Thread 1330" [_thread_blocked, id=13604, stack(0x000000002e7f0000,0x000000002e8f0000)]
  0x000000002a072000 JavaThread "jar transforms Thread 1329" [_thread_blocked, id=15904, stack(0x000000002e6f0000,0x000000002e7f0000)]
  0x000000002a079000 JavaThread "jar transforms Thread 1328" [_thread_blocked, id=17084, stack(0x000000002e5f0000,0x000000002e6f0000)]
  0x000000002a074000 JavaThread "jar transforms Thread 1327" [_thread_blocked, id=15572, stack(0x000000002e4f0000,0x000000002e5f0000)]
  0x000000002a071800 JavaThread "jar transforms Thread 1326" [_thread_blocked, id=13936, stack(0x000000002e3f0000,0x000000002e4f0000)]
  0x000000002a077800 JavaThread "jar transforms Thread 1325" [_thread_blocked, id=15644, stack(0x000000002e2f0000,0x000000002e3f0000)]
  0x000000002a077000 JavaThread "jar transforms Thread 1324" [_thread_blocked, id=8420, stack(0x000000002e1f0000,0x000000002e2f0000)]
  0x000000002a078800 JavaThread "jar transforms Thread 1323" [_thread_blocked, id=15500, stack(0x000000002e0f0000,0x000000002e1f0000)]
  0x000000002a076000 JavaThread "jar transforms Thread 1322" [_thread_blocked, id=16264, stack(0x000000002dff0000,0x000000002e0f0000)]
  0x000000002a073000 JavaThread "jar transforms Thread 1321" [_thread_blocked, id=13172, stack(0x000000002def0000,0x000000002dff0000)]
  0x000000002a075800 JavaThread "jar transforms Thread 1320" [_thread_blocked, id=424, stack(0x000000002ddf0000,0x000000002def0000)]
  0x000000002a070800 JavaThread "jar transforms Thread 1319" [_thread_blocked, id=9272, stack(0x000000002dcf0000,0x000000002ddf0000)]
  0x00000000304ef800 JavaThread "jar transforms Thread 1318" [_thread_blocked, id=16528, stack(0x000000002dbf0000,0x000000002dcf0000)]
  0x00000000304e8000 JavaThread "jar transforms Thread 1317" [_thread_blocked, id=5816, stack(0x000000002daf0000,0x000000002dbf0000)]
  0x00000000304ee800 JavaThread "jar transforms Thread 1316" [_thread_blocked, id=16676, stack(0x000000002d9f0000,0x000000002daf0000)]
  0x00000000304ee000 JavaThread "jar transforms Thread 1315" [_thread_blocked, id=14476, stack(0x000000002d8f0000,0x000000002d9f0000)]
  0x00000000304eb800 JavaThread "jar transforms Thread 1314" [_thread_blocked, id=5708, stack(0x000000002d7f0000,0x000000002d8f0000)]
  0x00000000304e7000 JavaThread "jar transforms Thread 1313" [_thread_blocked, id=14832, stack(0x000000002d6f0000,0x000000002d7f0000)]
  0x00000000304ed000 JavaThread "jar transforms Thread 1312" [_thread_blocked, id=14236, stack(0x000000002d5f0000,0x000000002d6f0000)]
  0x00000000304e6800 JavaThread "jar transforms Thread 1311" [_thread_blocked, id=15896, stack(0x000000002d4f0000,0x000000002d5f0000)]
  0x00000000304eb000 JavaThread "jar transforms Thread 1310" [_thread_blocked, id=11976, stack(0x000000002d3f0000,0x000000002d4f0000)]
  0x00000000304ea000 JavaThread "jar transforms Thread 1309" [_thread_blocked, id=980, stack(0x000000002d2f0000,0x000000002d3f0000)]
  0x00000000304ec800 JavaThread "jar transforms Thread 1308" [_thread_blocked, id=12664, stack(0x000000002d1f0000,0x000000002d2f0000)]
  0x00000000304e9800 JavaThread "jar transforms Thread 1307" [_thread_blocked, id=8404, stack(0x000000002d0f0000,0x000000002d1f0000)]
  0x00000000304e3800 JavaThread "jar transforms Thread 1306" [_thread_blocked, id=4036, stack(0x000000002b460000,0x000000002b560000)]
  0x00000000304e2000 JavaThread "jar transforms Thread 1305" [_thread_blocked, id=11624, stack(0x000000002b160000,0x000000002b260000)]
  0x00000000304e5800 JavaThread "jar transforms Thread 1304" [_thread_blocked, id=11048, stack(0x000000002b060000,0x000000002b160000)]
  0x00000000304e8800 JavaThread "jar transforms Thread 1303" [_thread_blocked, id=9764, stack(0x000000002af60000,0x000000002b060000)]
  0x00000000304e5000 JavaThread "jar transforms Thread 1302" [_thread_blocked, id=17108, stack(0x000000002ac60000,0x000000002ad60000)]
  0x00000000304e0800 JavaThread "jar transforms Thread 1301" [_thread_blocked, id=12276, stack(0x000000002ab60000,0x000000002ac60000)]
  0x00000000304e2800 JavaThread "jar transforms Thread 1300" [_thread_blocked, id=5652, stack(0x000000002aa60000,0x000000002ab60000)]
  0x000000001d50e000 JavaThread "jar transforms Thread 1299" [_thread_blocked, id=15632, stack(0x000000002a560000,0x000000002a660000)]
  0x000000001d50d800 JavaThread "jar transforms Thread 1298" [_thread_blocked, id=15716, stack(0x0000000028690000,0x0000000028790000)]
  0x000000001d510800 JavaThread "jar transforms Thread 1297" [_thread_blocked, id=14032, stack(0x0000000028320000,0x0000000028420000)]
  0x000000001d50c800 JavaThread "jar transforms Thread 1296" [_thread_blocked, id=7880, stack(0x0000000028220000,0x0000000028320000)]
  0x000000001d50f000 JavaThread "jar transforms Thread 1295" [_thread_blocked, id=15808, stack(0x0000000028120000,0x0000000028220000)]
  0x000000001d50f800 JavaThread "jar transforms Thread 1294" [_thread_blocked, id=2652, stack(0x0000000028020000,0x0000000028120000)]
  0x000000001d505000 JavaThread "jar transforms Thread 1293" [_thread_blocked, id=15908, stack(0x0000000027f20000,0x0000000028020000)]
  0x000000001d50c000 JavaThread "jar transforms Thread 1292" [_thread_blocked, id=7628, stack(0x0000000027e20000,0x0000000027f20000)]
  0x000000001d50b000 JavaThread "jar transforms Thread 1291" [_thread_blocked, id=15592, stack(0x0000000027d20000,0x0000000027e20000)]
  0x000000001d504800 JavaThread "jar transforms Thread 1290" [_thread_blocked, id=3684, stack(0x0000000027c20000,0x0000000027d20000)]
  0x000000001d503800 JavaThread "jar transforms Thread 1289" [_thread_blocked, id=9840, stack(0x0000000024d30000,0x0000000024e30000)]
  0x000000001d50a800 JavaThread "Build operations Thread 8" [_thread_blocked, id=7008, stack(0x0000000023a60000,0x0000000023b60000)]
  0x000000001d503000 JavaThread "Build operations Thread 7" [_thread_blocked, id=2940, stack(0x0000000023960000,0x0000000023a60000)]
  0x000000001d509800 JavaThread "Build operations Thread 6" [_thread_blocked, id=7356, stack(0x0000000022790000,0x0000000022890000)]
  0x000000001d509000 JavaThread "Build operations Thread 5" [_thread_blocked, id=13224, stack(0x0000000022690000,0x0000000022790000)]
  0x000000001d501800 JavaThread "Build operations Thread 4" [_thread_blocked, id=4132, stack(0x0000000022590000,0x0000000022690000)]
  0x000000001d507800 JavaThread "Build operations Thread 3" [_thread_blocked, id=12068, stack(0x0000000022490000,0x0000000022590000)]
  0x000000001d506000 JavaThread "Build operations Thread 2" [_thread_blocked, id=12328, stack(0x0000000022390000,0x0000000022490000)]
  0x000000001d502000 JavaThread "Build operations" [_thread_blocked, id=14508, stack(0x0000000022290000,0x0000000022390000)]
  0x000000001ddf4000 JavaThread "Cache worker for cache directory md-rule (C:\Users\Marlon\.gradle\caches\6.5\md-rule)" [_thread_blocked, id=14060, stack(0x0000000020e90000,0x0000000020f90000)]
  0x000000001ddf8000 JavaThread "Cache worker for cache directory md-supplier (C:\Users\Marlon\.gradle\caches\6.5\md-supplier)" [_thread_blocked, id=16276, stack(0x0000000020b90000,0x0000000020c90000)]
  0x000000001ddf2800 JavaThread "Cache worker for checksums cache (C:\Users\Marlon\AndroidStudioProjects\CualSera\.gradle\checksums)" [_thread_blocked, id=940, stack(0x000000001d220000,0x000000001d320000)]
  0x000000001ddf2000 JavaThread "Cache worker for file hash cache (C:\Users\Marlon\AndroidStudioProjects\CualSera\.gradle\6.5\fileHashes)" [_thread_blocked, id=17164, stack(0x000000001d020000,0x000000001d120000)]
  0x000000001ddf7000 JavaThread "Thread-1888" [_thread_blocked, id=12916, stack(0x000000001cf20000,0x000000001d020000)]
  0x000000001ddf6800 JavaThread "Stdin handler" [_thread_blocked, id=5508, stack(0x000000001ce20000,0x000000001cf20000)]
  0x000000001ddea000 JavaThread "Asynchronous log dispatcher for DefaultDaemonConnection: socket connection from /127.0.0.1:5019 to /127.0.0.1:8892" [_thread_blocked, id=14340, stack(0x000000001cd20000,0x000000001ce20000)]
  0x000000001ddf1000 JavaThread "Daemon worker Thread 14" [_thread_blocked, id=16944, stack(0x000000001cc20000,0x000000001cd20000)]
  0x000000001dde9800 JavaThread "Cancel handler" [_thread_blocked, id=9876, stack(0x000000001c5b0000,0x000000001c6b0000)]
  0x000000001ddef800 JavaThread "Handler for socket connection from /127.0.0.1:5019 to /127.0.0.1:8892" [_thread_in_native, id=14224, stack(0x000000001c4b0000,0x000000001c5b0000)]
  0x000000001dded800 JavaThread "Daemon Thread 14" [_thread_blocked, id=528, stack(0x0000000000d40000,0x0000000000e40000)]
  0x000000001ddef000 JavaThread "Cache worker for Java compile cache (C:\Users\Marlon\.gradle\caches\6.5\javaCompile)" [_thread_blocked, id=15176, stack(0x0000000021890000,0x0000000021990000)]
  0x000000002093a800 JavaThread "Memory manager" [_thread_blocked, id=4604, stack(0x000000001d120000,0x000000001d220000)]
  0x000000001a94e000 JavaThread "Cache worker for file content cache (C:\Users\Marlon\.gradle\caches\6.5\fileContent)" [_thread_blocked, id=16036, stack(0x0000000021990000,0x0000000021a90000)]
  0x000000001a94b800 JavaThread "Cache worker for execution history cache (C:\Users\Marlon\.gradle\caches\6.5\executionHistory)" [_thread_blocked, id=16572, stack(0x0000000021190000,0x0000000021290000)]
  0x000000001a950000 JavaThread "Cache worker for file hash cache (C:\Users\Marlon\.gradle\caches\6.5\fileHashes)" [_thread_blocked, id=16824, stack(0x000000001e6f0000,0x000000001e7f0000)]
  0x000000001a94b000 JavaThread "File lock request listener" [_thread_in_native, id=13480, stack(0x000000001e5f0000,0x000000001e6f0000)]
  0x000000001b3b2000 JavaThread "Cache worker for journal cache (C:\Users\Marlon\.gradle\caches\journal-1)" [_thread_blocked, id=7852, stack(0x000000001e4f0000,0x000000001e5f0000)]
  0x000000001995d800 JavaThread "Daemon periodic checks" [_thread_blocked, id=15688, stack(0x000000001c920000,0x000000001ca20000)]
  0x000000001995c800 JavaThread "Incoming local TCP Connector on port 5019" [_thread_in_native, id=16900, stack(0x000000001c6b0000,0x000000001c7b0000)]
  0x0000000019999000 JavaThread "Daemon health stats" [_thread_blocked, id=12608, stack(0x000000001c070000,0x000000001c170000)]
  0x0000000019840800 JavaThread "Service Thread" daemon [_thread_blocked, id=12700, stack(0x000000001a4a0000,0x000000001a5a0000)]
  0x00000000197f5800 JavaThread "C1 CompilerThread3" daemon [_thread_blocked, id=15452, stack(0x000000001a3a0000,0x000000001a4a0000)]
  0x00000000197cf800 JavaThread "C2 CompilerThread2" daemon [_thread_blocked, id=16452, stack(0x000000001a2a0000,0x000000001a3a0000)]
  0x000000001799e800 JavaThread "C2 CompilerThread1" daemon [_thread_blocked, id=12432, stack(0x000000001a1a0000,0x000000001a2a0000)]
  0x0000000017998800 JavaThread "C2 CompilerThread0" daemon [_thread_blocked, id=15892, stack(0x000000001a0a0000,0x000000001a1a0000)]
  0x00000000197b2800 JavaThread "Attach Listener" daemon [_thread_blocked, id=1152, stack(0x0000000019fa0000,0x000000001a0a0000)]
  0x00000000197b6800 JavaThread "Signal Dispatcher" daemon [_thread_blocked, id=6312, stack(0x0000000019ea0000,0x0000000019fa0000)]
  0x000000000291d800 JavaThread "Finalizer" daemon [_thread_blocked, id=16832, stack(0x0000000019c80000,0x0000000019d80000)]
  0x0000000002917000 JavaThread "Reference Handler" daemon [_thread_blocked, id=16404, stack(0x0000000019b80000,0x0000000019c80000)]
  0x00000000026ce000 JavaThread "main" [_thread_blocked, id=15924, stack(0x0000000002720000,0x0000000002820000)]

Other Threads:
  0x0000000017985800 VMThread [stack: 0x0000000019680000,0x0000000019780000] [id=15784]
  0x0000000019841000 WatcherThread [stack: 0x000000001a5a0000,0x000000001a6a0000] [id=5728]

VM state:synchronizing (normal execution)

VM Mutex/Monitor currently owned by a thread:  ([mutex/lock_event])
[0x00000000026ccf30] Threads_lock - owner thread: 0x0000000017985800

heap address: 0x0000000080000000, size: 2048 MB, Compressed Oops mode: 32-bit
Narrow klass base: 0x0000000000000000, Narrow klass shift: 3
Compressed class space size: 1073741824 Address: 0x0000000100000000

Heap:
 PSYoungGen      total 670208K, used 215575K [0x00000000d5580000, 0x00000000fff00000, 0x0000000100000000)
  eden space 642560K, 31% used [0x00000000d5580000,0x00000000e194ef70,0x00000000fc900000)
  from space 27648K, 54% used [0x00000000fe400000,0x00000000ff2b6d80,0x00000000fff00000)
  to   space 27648K, 0% used [0x00000000fc900000,0x00000000fc900000,0x00000000fe400000)
 ParOldGen       total 153600K, used 104382K [0x0000000080000000, 0x0000000089600000, 0x00000000d5580000)
  object space 153600K, 67% used [0x0000000080000000,0x00000000865ef960,0x0000000089600000)
 Metaspace       used 118146K, capacity 127564K, committed 127832K, reserved 1161216K
  class space    used 15375K, capacity 16988K, committed 17024K, reserved 1048576K

Card table byte_map: [0x0000000011ce0000,0x00000000120f0000] byte_map_base: 0x00000000118e0000

Marking Bits: (ParMarkBitMap*) 0x00000000646ef030
 Begin Bits: [0x0000000012ba0000, 0x0000000014ba0000)
 End Bits:   [0x0000000014ba0000, 0x0000000016ba0000)

Polling page: 0x0000000000a10000

CodeCache: size=245760Kb used=73928Kb max_used=74618Kb free=171831Kb
 bounds [0x0000000002920000, 0x0000000007270000, 0x0000000011920000]
 total_blobs=22254 nmethods=21299 adapters=866
 compilation: enabled

Compilation events (10 events):
Event: 7920.592 Thread 0x00000000197f5800 nmethod 27734 0x0000000003187d90 code [0x0000000003187ee0, 0x0000000003187ff0]
Event: 7920.605 Thread 0x00000000197f5800 27735       1       org.gradle.api.internal.StartParameterInternal::getConfigurationCache (5 bytes)
Event: 7920.607 Thread 0x00000000197f5800 nmethod 27735 0x0000000003187ad0 code [0x0000000003187c20, 0x0000000003187d30]
Event: 7920.634 Thread 0x000000001799e800 27736       4       com.google.common.base.AbstractIterator::hasNext (65 bytes)
Event: 7920.759 Thread 0x00000000197f5800 27737       1       org.gradle.api.internal.project.BuildOperationCrossProjectConfigurator::access$700 (5 bytes)
Event: 7920.761 Thread 0x00000000197f5800 nmethod 27737 0x0000000003187810 code [0x0000000003187960, 0x0000000003187a50]
Event: 7920.761 Thread 0x00000000197f5800 27738       1       org.gradle.api.internal.project.BuildOperationCrossProjectConfigurator::access$600 (5 bytes)
Event: 7920.762 Thread 0x00000000197f5800 nmethod 27738 0x00000000041ff650 code [0x00000000041ff7a0, 0x00000000041ff890]
Event: 7920.777 Thread 0x00000000197f5800 27739       3       org.gradle.api.internal.project.DefaultProjectStateRegistry$ProjectStateImpl::withMutableState (10 bytes)
Event: 7920.780 Thread 0x00000000197f5800 nmethod 27739 0x00000000041fef90 code [0x00000000041ff120, 0x00000000041ff448]

GC Heap History (10 events):
Event: 1195.201 GC heap before
{Heap before GC invocations=32 (full 4):
 PSYoungGen      total 542208K, used 518263K [0x00000000d5580000, 0x00000000fef80000, 0x0000000100000000)
  eden space 512000K, 100% used [0x00000000d5580000,0x00000000f4980000,0x00000000f4980000)
  from space 30208K, 20% used [0x00000000f4980000,0x00000000f4f9dc68,0x00000000f6700000)
  to   space 30208K, 0% used [0x00000000fd200000,0x00000000fd200000,0x00000000fef80000)
 ParOldGen       total 153600K, used 97161K [0x0000000080000000, 0x0000000089600000, 0x00000000d5580000)
  object space 153600K, 63% used [0x0000000080000000,0x0000000085ee2638,0x0000000089600000)
 Metaspace       used 98273K, capacity 103378K, committed 103512K, reserved 1138688K
  class space    used 12768K, capacity 13675K, committed 13696K, reserved 1048576K
Event: 1195.318 GC heap after
Heap after GC invocations=32 (full 4):
 PSYoungGen      total 632320K, used 4455K [0x00000000d5580000, 0x00000000fe580000, 0x0000000100000000)
  eden space 612352K, 0% used [0x00000000d5580000,0x00000000d5580000,0x00000000fab80000)
  from space 19968K, 22% used [0x00000000fd200000,0x00000000fd659c70,0x00000000fe580000)
  to   space 29696K, 0% used [0x00000000fab80000,0x00000000fab80000,0x00000000fc880000)
 ParOldGen       total 153600K, used 101227K [0x0000000080000000, 0x0000000089600000, 0x00000000d5580000)
  object space 153600K, 65% used [0x0000000080000000,0x00000000862dacb0,0x0000000089600000)
 Metaspace       used 98273K, capacity 103378K, committed 103512K, reserved 1138688K
  class space    used 12768K, capacity 13675K, committed 13696K, reserved 1048576K
}
Event: 1482.507 GC heap before
{Heap before GC invocations=33 (full 4):
 PSYoungGen      total 632320K, used 616807K [0x00000000d5580000, 0x00000000fe580000, 0x0000000100000000)
  eden space 612352K, 100% used [0x00000000d5580000,0x00000000fab80000,0x00000000fab80000)
  from space 19968K, 22% used [0x00000000fd200000,0x00000000fd659c70,0x00000000fe580000)
  to   space 29696K, 0% used [0x00000000fab80000,0x00000000fab80000,0x00000000fc880000)
 ParOldGen       total 153600K, used 101227K [0x0000000080000000, 0x0000000089600000, 0x00000000d5580000)
  object space 153600K, 65% used [0x0000000080000000,0x00000000862dacb0,0x0000000089600000)
 Metaspace       used 101034K, capacity 106706K, committed 106840K, reserved 1142784K
  class space    used 13082K, capacity 14097K, committed 14208K, reserved 1048576K
Event: 1482.663 GC heap after
Heap after GC invocations=33 (full 4):
 PSYoungGen      total 642048K, used 8035K [0x00000000d5580000, 0x0000000100000000, 0x0000000100000000)
  eden space 612352K, 0% used [0x00000000d5580000,0x00000000d5580000,0x00000000fab80000)
  from space 29696K, 27% used [0x00000000fab80000,0x00000000fb358ea0,0x00000000fc880000)
  to   space 28672K, 0% used [0x00000000fe400000,0x00000000fe400000,0x0000000100000000)
 ParOldGen       total 153600K, used 102299K [0x0000000080000000, 0x0000000089600000, 0x00000000d5580000)
  object space 153600K, 66% used [0x0000000080000000,0x00000000863e6d30,0x0000000089600000)
 Metaspace       used 101034K, capacity 106706K, committed 106840K, reserved 1142784K
  class space    used 13082K, capacity 14097K, committed 14208K, reserved 1048576K
}
Event: 1897.420 GC heap before
{Heap before GC invocations=34 (full 4):
 PSYoungGen      total 642048K, used 620387K [0x00000000d5580000, 0x0000000100000000, 0x0000000100000000)
  eden space 612352K, 100% used [0x00000000d5580000,0x00000000fab80000,0x00000000fab80000)
  from space 29696K, 27% used [0x00000000fab80000,0x00000000fb358ea0,0x00000000fc880000)
  to   space 28672K, 0% used [0x00000000fe400000,0x00000000fe400000,0x0000000100000000)
 ParOldGen       total 153600K, used 102299K [0x0000000080000000, 0x0000000089600000, 0x00000000d5580000)
  object space 153600K, 66% used [0x0000000080000000,0x00000000863e6d30,0x0000000089600000)
 Metaspace       used 102301K, capacity 109156K, committed 109400K, reserved 1144832K
  class space    used 13245K, capacity 14394K, committed 14464K, reserved 1048576K
Event: 1897.520 GC heap after
Heap after GC invocations=34 (full 4):
 PSYoungGen      total 668160K, used 1760K [0x00000000d5580000, 0x00000000fff00000, 0x0000000100000000)
  eden space 640512K, 0% used [0x00000000d5580000,0x00000000d5580000,0x00000000fc700000)
  from space 27648K, 6% used [0x00000000fe400000,0x00000000fe5b8000,0x00000000fff00000)
  to   space 28672K, 0% used [0x00000000fc700000,0x00000000fc700000,0x00000000fe300000)
 ParOldGen       total 153600K, used 103759K [0x0000000080000000, 0x0000000089600000, 0x00000000d5580000)
  object space 153600K, 67% used [0x0000000080000000,0x0000000086553f20,0x0000000089600000)
 Metaspace       used 102301K, capacity 109156K, committed 109400K, reserved 1144832K
  class space    used 13245K, capacity 14394K, committed 14464K, reserved 1048576K
}
Event: 2596.196 GC heap before
{Heap before GC invocations=35 (full 4):
 PSYoungGen      total 668160K, used 642272K [0x00000000d5580000, 0x00000000fff00000, 0x0000000100000000)
  eden space 640512K, 100% used [0x00000000d5580000,0x00000000fc700000,0x00000000fc700000)
  from space 27648K, 6% used [0x00000000fe400000,0x00000000fe5b8000,0x00000000fff00000)
  to   space 28672K, 0% used [0x00000000fc700000,0x00000000fc700000,0x00000000fe300000)
 ParOldGen       total 153600K, used 103759K [0x0000000080000000, 0x0000000089600000, 0x00000000d5580000)
  object space 153600K, 67% used [0x0000000080000000,0x0000000086553f20,0x0000000089600000)
 Metaspace       used 104201K, capacity 112664K, committed 112984K, reserved 1146880K
  class space    used 13522K, capacity 14880K, committed 14976K, reserved 1048576K
Event: 2596.448 GC heap after
Heap after GC invocations=35 (full 4):
 PSYoungGen      total 669184K, used 7136K [0x00000000d5580000, 0x00000000fff00000, 0x0000000100000000)
  eden space 640512K, 0% used [0x00000000d5580000,0x00000000d5580000,0x00000000fc700000)
  from space 28672K, 24% used [0x00000000fc700000,0x00000000fcdf8040,0x00000000fe300000)
  to   space 27648K, 0% used [0x00000000fe400000,0x00000000fe400000,0x00000000fff00000)
 ParOldGen       total 153600K, used 104374K [0x0000000080000000, 0x0000000089600000, 0x00000000d5580000)
  object space 153600K, 67% used [0x0000000080000000,0x00000000865ed960,0x0000000089600000)
 Metaspace       used 104201K, capacity 112664K, committed 112984K, reserved 1146880K
  class space    used 13522K, capacity 14880K, committed 14976K, reserved 1048576K
}
Event: 7399.086 GC heap before
{Heap before GC invocations=36 (full 4):
 PSYoungGen      total 669184K, used 647648K [0x00000000d5580000, 0x00000000fff00000, 0x0000000100000000)
  eden space 640512K, 100% used [0x00000000d5580000,0x00000000fc700000,0x00000000fc700000)
  from space 28672K, 24% used [0x00000000fc700000,0x00000000fcdf8040,0x00000000fe300000)
  to   space 27648K, 0% used [0x00000000fe400000,0x00000000fe400000,0x00000000fff00000)
 ParOldGen       total 153600K, used 104374K [0x0000000080000000, 0x0000000089600000, 0x00000000d5580000)
  object space 153600K, 67% used [0x0000000080000000,0x00000000865ed960,0x0000000089600000)
 Metaspace       used 111779K, capacity 120754K, committed 120920K, reserved 1155072K
  class space    used 14424K, capacity 15880K, committed 16000K, reserved 1048576K
Event: 7400.195 GC heap after
Heap after GC invocations=36 (full 4):
 PSYoungGen      total 670208K, used 15067K [0x00000000d5580000, 0x00000000fff00000, 0x0000000100000000)
  eden space 642560K, 0% used [0x00000000d5580000,0x00000000d5580000,0x00000000fc900000)
  from space 27648K, 54% used [0x00000000fe400000,0x00000000ff2b6d80,0x00000000fff00000)
  to   space 27648K, 0% used [0x00000000fc900000,0x00000000fc900000,0x00000000fe400000)
 ParOldGen       total 153600K, used 104382K [0x0000000080000000, 0x0000000089600000, 0x00000000d5580000)
  object space 153600K, 67% used [0x0000000080000000,0x00000000865ef960,0x0000000089600000)
 Metaspace       used 111779K, capacity 120754K, committed 120920K, reserved 1155072K
  class space    used 14424K, capacity 15880K, committed 16000K, reserved 1048576K
}

Deoptimization events (10 events):
Event: 7426.392 Thread 0x00000000304e6800 Uncommon trap: reason=class_check action=maybe_recompile pc=0x0000000007095c30 method=org.gradle.api.internal.artifacts.ivyservice.ivyresolve.CachingModuleComponentRepository$LocateInCacheRepositoryAccess.resolveArtifactFromCache(Lorg/gradle/internal/comp
Event: 7427.476 Thread 0x00000000304e6800 Uncommon trap: reason=class_check action=maybe_recompile pc=0x000000000454afe8 method=org.gradle.internal.classloader.CachingClassLoader.visit(Lorg/gradle/internal/classloader/ClassLoaderVisitor;)V @ 8
Event: 7427.478 Thread 0x00000000304e6800 Uncommon trap: reason=bimorphic action=maybe_recompile pc=0x000000000695e3a8 method=com.google.common.cache.LocalCache$Segment.expand()V @ 80
Event: 7427.554 Thread 0x00000000304e6800 Uncommon trap: reason=class_check action=maybe_recompile pc=0x000000000454afe8 method=org.gradle.internal.classloader.CachingClassLoader.visit(Lorg/gradle/internal/classloader/ClassLoaderVisitor;)V @ 8
Event: 7427.555 Thread 0x00000000304e6800 Uncommon trap: reason=bimorphic action=maybe_recompile pc=0x000000000695e3a8 method=com.google.common.cache.LocalCache$Segment.expand()V @ 80
Event: 7427.658 Thread 0x00000000304e6800 Uncommon trap: reason=class_check action=maybe_recompile pc=0x00000000068d5110 method=sun.reflect.GeneratedMethodAccessor24.invoke(Ljava/lang/Object;[Ljava/lang/Object;)Ljava/lang/Object; @ 37
Event: 7427.658 Thread 0x00000000304e6800 Uncommon trap: reason=predicate action=maybe_recompile pc=0x0000000002d43d90 method=java.util.HashSet.writeObject(Ljava/io/ObjectOutputStream;)V @ 59
Event: 7427.709 Thread 0x00000000304e6800 Uncommon trap: reason=class_check action=maybe_recompile pc=0x00000000068d5110 method=sun.reflect.GeneratedMethodAccessor24.invoke(Ljava/lang/Object;[Ljava/lang/Object;)Ljava/lang/Object; @ 37
Event: 7427.709 Thread 0x00000000304e6800 Uncommon trap: reason=class_check action=maybe_recompile pc=0x00000000068d5110 method=sun.reflect.GeneratedMethodAccessor24.invoke(Ljava/lang/Object;[Ljava/lang/Object;)Ljava/lang/Object; @ 37
Event: 7427.721 Thread 0x00000000304e6800 Uncommon trap: reason=class_check action=maybe_recompile pc=0x00000000068d5110 method=sun.reflect.GeneratedMethodAccessor24.invoke(Ljava/lang/Object;[Ljava/lang/Object;)Ljava/lang/Object; @ 37

Classes redefined (0 events):
No events

Internal exceptions (10 events):
Event: 7413.098 Thread 0x00000000304e6800 Exception <a 'java/lang/ClassNotFoundException': org/gradle/api/plugins/BasePluginConventionCustomizer> (0x00000000da8fc330) thrown at [C:\src\AOSP-openjdk-git\hotspot\src\share\vm\classfile\systemDictionary.cpp, line 210]
Event: 7413.119 Thread 0x00000000304e6800 Exception <a 'java/lang/ClassNotFoundException': org/gradle/api/plugins/internal/DefaultBasePluginConventionCustomizer> (0x00000000da943500) thrown at [C:\src\AOSP-openjdk-git\hotspot\src\share\vm\classfile\systemDictionary.cpp, line 210]
Event: 7414.698 Thread 0x00000000304e6800 Exception <a 'sun/nio/fs/WindowsException'> (0x00000000db2f6d38) thrown at [C:\src\AOSP-openjdk-git\hotspot\src\share\vm\prims\jni.cpp, line 710]
Event: 7415.530 Thread 0x00000000304e6800 Exception <a 'java/lang/reflect/InvocationTargetException'> (0x00000000db7d10c0) thrown at [C:\src\AOSP-openjdk-git\hotspot\src\share\vm\runtime\reflection.cpp, line 1092]
Event: 7419.037 Thread 0x00000000304e6800 Implicit null exception at 0x0000000006925298 to 0x000000000692a569
Event: 7422.880 Thread 0x00000000304e6800 Implicit null exception at 0x0000000005056c23 to 0x00000000050570b1
Event: 7424.057 Thread 0x00000000304e6800 Implicit null exception at 0x00000000044af482 to 0x00000000044b31a9
Event: 7428.145 Thread 0x00000000304e3800 Exception <a 'java/lang/NoSuchMethodError': <clinit>> (0x00000000df62bec0) thrown at [C:\src\AOSP-openjdk-git\hotspot\src\share\vm\prims\jni.cpp, line 1615]
Event: 7428.171 Thread 0x00000000304e3800 Exception <a 'java/lang/NoSuchMethodError': <clinit>> (0x00000000df64e400) thrown at [C:\src\AOSP-openjdk-git\hotspot\src\share\vm\prims\jni.cpp, line 1615]
Event: 7920.819 Thread 0x000000001ddf1000 Exception <a 'sun/nio/fs/WindowsException'> (0x00000000e1945858) thrown at [C:\src\AOSP-openjdk-git\hotspot\src\share\vm\prims\jni.cpp, line 710]

Events (10 events):
Event: 7920.434 Thread 0x0000000020940000 Thread added: 0x0000000020940000
Event: 7920.437 Thread 0x0000000020939000 Thread added: 0x0000000020939000
Event: 7920.439 Thread 0x0000000020942000 Thread added: 0x0000000020942000
Event: 7920.447 Thread 0x0000000020943800 Thread added: 0x0000000020943800
Event: 7920.465 Thread 0x0000000020946000 Thread added: 0x0000000020946000
Event: 7920.475 Thread 0x0000000020944800 Thread added: 0x0000000020944800
Event: 7920.479 Thread 0x0000000020947800 Thread added: 0x0000000020947800
Event: 7920.485 Thread 0x0000000020940800 Thread added: 0x0000000020940800
Event: 7920.704 Thread 0x0000000020948000 Thread added: 0x0000000020948000
Event: 7920.839 Thread 0x0000000020941800 Thread added: 0x0000000020941800


Dynamic libraries:
0x00007ff7dc360000 - 0x00007ff7dc391000 	C:\Program Files\Android\Android Studio\jre\bin\java.exe
0x00007ffa241c0000 - 0x00007ffa243b0000 	C:\WINDOWS\SYSTEM32\ntdll.dll
0x00007ffa23140000 - 0x00007ffa231f2000 	C:\WINDOWS\System32\KERNEL32.DLL
0x00007ffa21be0000 - 0x00007ffa21e85000 	C:\WINDOWS\System32\KERNELBASE.dll
0x00007ffa23f10000 - 0x00007ffa23fb3000 	C:\WINDOWS\System32\ADVAPI32.dll
0x00007ffa22840000 - 0x00007ffa228de000 	C:\WINDOWS\System32\msvcrt.dll
0x00007ffa240e0000 - 0x00007ffa24177000 	C:\WINDOWS\System32\sechost.dll
0x00007ffa23fc0000 - 0x00007ffa240df000 	C:\WINDOWS\System32\RPCRT4.dll
0x00007ffa22500000 - 0x00007ffa22694000 	C:\WINDOWS\System32\USER32.dll
0x00007ffa22090000 - 0x00007ffa220b1000 	C:\WINDOWS\System32\win32u.dll
0x00007ffa23d80000 - 0x00007ffa23da6000 	C:\WINDOWS\System32\GDI32.dll
0x00007ffa21a40000 - 0x00007ffa21bd8000 	C:\WINDOWS\System32\gdi32full.dll
0x00007ffa21e90000 - 0x00007ffa21f2e000 	C:\WINDOWS\System32\msvcp_win.dll
0x00007ffa211c0000 - 0x00007ffa212ba000 	C:\WINDOWS\System32\ucrtbase.dll
0x00007ffa11630000 - 0x00007ffa118b4000 	C:\WINDOWS\WinSxS\amd64_microsoft.windows.common-controls_6595b64144ccf1df_6.0.18362.1440_none_9e7dbfb9e45e8e67\COMCTL32.dll
0x00007ffa239b0000 - 0x00007ffa23ce6000 	C:\WINDOWS\System32\combase.dll
0x00007ffa21130000 - 0x00007ffa211b1000 	C:\WINDOWS\System32\bcryptPrimitives.dll
0x00007ffa23e10000 - 0x00007ffa23e3e000 	C:\WINDOWS\System32\IMM32.DLL
0x00000000633d0000 - 0x00000000634a2000 	C:\Program Files\Android\Android Studio\jre\jre\bin\msvcr100.dll
0x0000000063f20000 - 0x000000006476b000 	C:\Program Files\Android\Android Studio\jre\jre\bin\server\jvm.dll
0x00007ffa23d70000 - 0x00007ffa23d78000 	C:\WINDOWS\System32\PSAPI.DLL
0x00007ffa18b70000 - 0x00007ffa18b7a000 	C:\WINDOWS\SYSTEM32\VERSION.dll
0x00007ffa1efb0000 - 0x00007ffa1efd4000 	C:\WINDOWS\SYSTEM32\WINMM.dll
0x00007ffa1ca90000 - 0x00007ffa1ca99000 	C:\WINDOWS\SYSTEM32\WSOCK32.dll
0x00007ffa23070000 - 0x00007ffa230df000 	C:\WINDOWS\System32\WS2_32.dll
0x00007ffa1eb30000 - 0x00007ffa1eb5d000 	C:\WINDOWS\SYSTEM32\WINMMBASE.dll
0x00007ffa220c0000 - 0x00007ffa2210a000 	C:\WINDOWS\System32\cfgmgr32.dll
0x00007ffa02f70000 - 0x00007ffa02f7f000 	C:\Program Files\Android\Android Studio\jre\jre\bin\verify.dll
0x00007ff9e9b50000 - 0x00007ff9e9b79000 	C:\Program Files\Android\Android Studio\jre\jre\bin\java.dll
0x00007ffa02f50000 - 0x00007ffa02f66000 	C:\Program Files\Android\Android Studio\jre\jre\bin\zip.dll
0x00007ffa232c0000 - 0x00007ffa239a8000 	C:\WINDOWS\System32\SHELL32.dll
0x00007ffa23210000 - 0x00007ffa232b7000 	C:\WINDOWS\System32\shcore.dll
0x00007ffa212c0000 - 0x00007ffa21a3b000 	C:\WINDOWS\System32\windows.storage.dll
0x00007ffa210f0000 - 0x00007ffa2110e000 	C:\WINDOWS\System32\profapi.dll
0x00007ffa21080000 - 0x00007ffa210ca000 	C:\WINDOWS\System32\powrprof.dll
0x00007ffa21070000 - 0x00007ffa21080000 	C:\WINDOWS\System32\UMPDC.dll
0x00007ffa23db0000 - 0x00007ffa23e02000 	C:\WINDOWS\System32\shlwapi.dll
0x00007ffa21110000 - 0x00007ffa21121000 	C:\WINDOWS\System32\kernel.appcore.dll
0x00007ffa22110000 - 0x00007ffa22127000 	C:\WINDOWS\System32\cryptsp.dll
0x00007ff9ef6e0000 - 0x00007ff9ef6fa000 	C:\Program Files\Android\Android Studio\jre\jre\bin\net.dll
0x00007ffa20850000 - 0x00007ffa208b7000 	C:\WINDOWS\system32\mswsock.dll
0x00007ff9d7200000 - 0x00007ff9d7213000 	C:\Program Files\Android\Android Studio\jre\jre\bin\nio.dll
0x00007ff9ff3b0000 - 0x00007ff9ff3d7000 	C:\Users\Marlon\.gradle\native\f6784746aeab05261644944871eae4fe03e0ef1612fff0a4a95f87b438bc6780\windows-amd64\native-platform.dll
0x00007ff9fdbc0000 - 0x00007ff9fdbcd000 	C:\Program Files\Android\Android Studio\jre\jre\bin\management.dll
0x00007ffa203d0000 - 0x00007ffa20403000 	C:\WINDOWS\system32\rsaenh.dll
0x00007ffa22240000 - 0x00007ffa22266000 	C:\WINDOWS\System32\bcrypt.dll
0x00007ffa20f90000 - 0x00007ffa20fb5000 	C:\WINDOWS\SYSTEM32\USERENV.dll
0x00007ffa20a20000 - 0x00007ffa20a2c000 	C:\WINDOWS\SYSTEM32\CRYPTBASE.dll
0x00007ffa20560000 - 0x00007ffa2059a000 	C:\WINDOWS\SYSTEM32\IPHLPAPI.DLL
0x00007ffa22f00000 - 0x00007ffa22f08000 	C:\WINDOWS\System32\NSI.dll
0x00007ffa18f40000 - 0x00007ffa18f56000 	C:\WINDOWS\SYSTEM32\dhcpcsvc6.DLL
0x00007ffa19240000 - 0x00007ffa1925c000 	C:\WINDOWS\SYSTEM32\dhcpcsvc.DLL
0x00007ffa205a0000 - 0x00007ffa2066b000 	C:\WINDOWS\SYSTEM32\DNSAPI.dll
0x00007ffa199b0000 - 0x00007ffa199bb000 	C:\WINDOWS\SYSTEM32\WINNSI.DLL
0x00007ff9d5e30000 - 0x00007ff9d5e54000 	C:\Program Files\Android\Android Studio\jre\jre\bin\sunec.dll
0x00007ffa12600000 - 0x00007ffa1260a000 	C:\Windows\System32\rasadhlp.dll
0x00007ffa18d60000 - 0x00007ffa18dd7000 	C:\WINDOWS\System32\fwpuclnt.dll
0x00007ff9fc060000 - 0x00007ff9fc06b000 	C:\Program Files\Android\Android Studio\jre\jre\bin\sunmscapi.dll
0x00007ffa21f30000 - 0x00007ffa22081000 	C:\WINDOWS\System32\CRYPT32.dll
0x00007ffa210d0000 - 0x00007ffa210e2000 	C:\WINDOWS\System32\MSASN1.dll
0x00007ffa1f220000 - 0x00007ffa1f2af000 	C:\WINDOWS\system32\apphelp.dll

VM Arguments:
jvm_args: -Xmx2048m -Dfile.encoding=UTF-8 -Duser.country=CO -Duser.language=es -Duser.variant 
java_command: org.gradle.launcher.daemon.bootstrap.GradleDaemon 6.5
java_class_path (initial): C:\Users\Marlon\.gradle\wrapper\dists\gradle-6.5-bin\6nifqtx7604sqp1q6g8wikw7p\gradle-6.5\lib\gradle-launcher-6.5.jar
Launcher Type: SUN_STANDARD

Environment Variables:
PATH=C:\Program Files (x86)\Common Files\Oracle\Java\javapath;C:\WINDOWS\system32;C:\WINDOWS;C:\WINDOWS\System32\Wbem;C:\WINDOWS\System32\WindowsPowerShell\v1.0\;C:\WINDOWS\System32\OpenSSH\;C:\Program Files\Intel\WiFi\bin\;C:\Program Files\Common Files\Intel\WirelessCommon\;C:\Program Files\nodejs\;C:\Program Files (x86)\Yarn\bin\;D:\MATLAB\bin;C:\Users\Marlon\AppData\Local\Microsoft\WindowsApps;C:\Users\Marlon\AppData\Local\Programs\Microsoft VS Code\bin;C:\Users\Marlon\AppData\Roaming\npm;C:\Users\Marlon\AppData\Local\Yarn\bin
USERNAME=Marlon
OS=Windows_NT
PROCESSOR_IDENTIFIER=AMD64 Family 23 Model 17 Stepping 0, AuthenticAMD



---------------  S Y S T E M  ---------------

OS: Windows 10.0 , 64 bit Build 18362 (10.0.18362.1350)

CPU:total 8 (initial active 8) (8 cores per cpu, 1 threads per core) family 23 model 17 stepping 0, cmov, cx8, fxsr, mmx, sse, sse2, sse3, ssse3, sse4.1, sse4.2, popcnt, avx, avx2, aes, clmul, mmxext, 3dnowpref, lzcnt, sse4a, tsc, tscinvbit, tscinv, bmi1

Memory: 4k page, physical 7284236k(508260k free), swap 16357300k(0k free)

vm_info: OpenJDK 64-Bit Server VM (25.242-b01) for windows-amd64 JRE (1.8.0_242-release-1644-b01), built by "builder" with MS VC++ 10.0 (VS2010)

time: Sun Mar 28 04:35:49 2021
timezone: Hora est. Pacífico, Sudamérica
elapsed time: 7921 seconds (0d 2h 12m 1s)

